<?xml version="1.0" encoding="UTF-8"?>
<testsuite name="com.example.project_1.ExampleUnitTest" tests="1" skipped="0" failures="0" errors="0" timestamp="2025-06-14T06:16:45" hostname="EXCALIBUR" time="0.004">
  <properties/>
  <testcase name="addition_isCorrect" classname="com.example.project_1.ExampleUnitTest" time="0.004"/>
  <system-out><![CDATA[]]></system-out>
  <system-err><![CDATA[]]></system-err>
</testsuite>
